09:58:10 [INFO] CLEO Redux 0.9.1 (x86)
09:58:10 [INFO] Copyright (c) 2021-2022, Seemann. Available under the license agreement at https://re.cleo.li/LICENSE.txt
09:58:10 [INFO] Visit re.cleo.li for news and updates.
09:58:10 [INFO] Host identified as San Andreas (1.0)
09:58:10 [INFO] Image base address 0x400000
09:58:10 [INFO] CleoConfig { log_opcodes: false, allow_cs: true, allow_js: true, check_updates: true, allow_fxt: true, allow_js_runtime_extensions: false, permission_level: Lax }
09:58:10 [INFO] Found another instance of CLEO. Compiled scripts support is delegated.
09:58:10 [INFO] Metadata is outdated, minimum required version is 0.210, found 0.205, trying to update...
09:58:10 [INFO] Request: Get https://api.github.com/repos/sannybuilder/library/contents/sa
09:58:10 [INFO] Response: '200 OK' for https://api.github.com/repos/sannybuilder/library/contents/sa
09:58:10 [INFO] Request: Get https://api.github.com/repos/sannybuilder/library/git/blobs/547484bd8bceb9992c44d8103dbaac3f4e7de69b
09:58:10 [INFO] Response: '200 OK' for https://api.github.com/repos/sannybuilder/library/git/blobs/547484bd8bceb9992c44d8103dbaac3f4e7de69b
09:58:11 [INFO] Successfully downloaded metadata file C:\Users\Глеб\Desktop\abcd\GTA BY SAMPHACK\CLEO\.config\sa.json
09:58:11 [INFO] Registering custom commands
09:58:11 [INFO] Registering unsafe command 0A8C WRITE_MEMORY with required permission mem
09:58:11 [INFO] Registering unsafe command 0A8D READ_MEMORY with required permission mem
09:58:11 [INFO] Registering unsafe command 0AA5 CALL_FUNCTION with required permission mem
09:58:11 [INFO] Registering unsafe command 0AA6 CALL_METHOD with required permission mem
09:58:11 [INFO] Registering unsafe command 0AA7 CALL_FUNCTION_RETURN with required permission mem
09:58:11 [INFO] Registering unsafe command 0AA8 CALL_METHOD_RETURN with required permission mem
09:58:11 [INFO] Registering command 0AB0 IS_KEY_PRESSED
09:58:11 [INFO] SDK version 1
09:58:11 [INFO] Loading plugins from C:\Users\Глеб\Desktop\abcd\GTA BY SAMPHACK\CLEO\CLEO_PLUGINS
09:58:11 [INFO] Meta version 0.211
09:58:11 [INFO] FXT files successfully loaded
09:58:11 [INFO] Request: Get https://api.github.com/repos/cleolibrary/cleo-redux/releases/latest
09:58:11 [INFO] Response: '200 OK' for https://api.github.com/repos/cleolibrary/cleo-redux/releases/latest
09:58:19 [INFO] New event received: "init scripts"
09:58:19 [INFO] Started scanning the CLEO directory
09:58:19 [INFO] Skipped CS script C:\Users\Глеб\Desktop\abcd\GTA BY SAMPHACK\CLEO\Back-fire.cs
09:58:19 [INFO] Skipped CS script C:\Users\Глеб\Desktop\abcd\GTA BY SAMPHACK\CLEO\FPSUnlock.cs
09:58:19 [INFO] Skipped CS script C:\Users\Глеб\Desktop\abcd\GTA BY SAMPHACK\CLEO\Pizdarwakl.cs
09:58:19 [INFO] Skipped CS script C:\Users\Глеб\Desktop\abcd\GTA BY SAMPHACK\CLEO\Reconnect_v5.1[rec,recon,au_rec,au_recon,fconnect,pconnect,sconnect].cs
09:58:19 [INFO] Found JS script C:\Users\Глеб\Desktop\abcd\GTA BY SAMPHACK\CLEO\WH.js
09:58:19 [INFO] Successfully loaded WH.js and created a script with the name "WH"
09:58:19 [INFO] Skipped CS script C:\Users\Глеб\Desktop\abcd\GTA BY SAMPHACK\CLEO\anticrasher037.cs
09:58:19 [INFO] Skipped CS script C:\Users\Глеб\Desktop\abcd\GTA BY SAMPHACK\CLEO\backF.cs
09:58:19 [INFO] Skipped CS script C:\Users\Глеб\Desktop\abcd\GTA BY SAMPHACK\CLEO\damage-heart.cs
09:58:19 [INFO] Skipped CS script C:\Users\Глеб\Desktop\abcd\GTA BY SAMPHACK\CLEO\gta_iv_lights.cs
09:58:19 [INFO] Skipped CS script C:\Users\Глеб\Desktop\abcd\GTA BY SAMPHACK\CLEO\miniFPSUP.cs
09:58:19 [INFO] Skipped CS script C:\Users\Глеб\Desktop\abcd\GTA BY SAMPHACK\CLEO\ml82ovt.cs
09:58:19 [INFO] Skipped CS script C:\Users\Глеб\Desktop\abcd\GTA BY SAMPHACK\CLEO\pricel.cs
09:58:19 [INFO] Found JS script C:\Users\Глеб\Desktop\abcd\GTA BY SAMPHACK\CLEO\spawn_infernus.js
09:58:19 [INFO] Successfully loaded spawn_infernus.js and created a script with the name "spawn_i"
09:58:23 [ERROR] ["WH"] 000015: Opcode 0A8D is not allowed as the script's file name does not include [mem]
09:58:23 [INFO] script "WH" has been disposed
